This file contains any messages produced by compilers while
running configure, to aid debugging if configure makes a mistake.

It was created by cgminer configure 3.1.1, which was
generated by GNU Autoconf 2.69.  Invocation command line was

  $ ./configure --enable-ztex --enable-icarus --enable-bflsc --disable-opencl --disable-adl

## --------- ##
## Platform. ##
## --------- ##

hostname = raspberrypi
uname -m = armv6l
uname -r = 3.18.11+
uname -s = Linux
uname -v = #781 PREEMPT Tue Apr 21 18:02:18 BST 2015

/usr/bin/uname -p = unknown
/bin/uname -X     = unknown

/bin/arch              = unknown
/usr/bin/arch -k       = unknown
/usr/convex/getsysinfo = unknown
/usr/bin/hostinfo      = unknown
/bin/machine           = unknown
/usr/bin/oslevel       = unknown
/bin/universe          = unknown

PATH: /usr/local/sbin
PATH: /usr/local/bin
PATH: /usr/sbin
PATH: /usr/bin
PATH: /sbin
PATH: /bin
PATH: /usr/local/games
PATH: /usr/games


## ----------- ##
## Core tests. ##
## ----------- ##

configure:2778: checking build system type
configure:2792: result: armv6l-unknown-linux-gnueabihf
configure:2812: checking host system type
configure:2825: result: armv6l-unknown-linux-gnueabihf
configure:2845: checking target system type
configure:2858: result: armv6l-unknown-linux-gnueabihf
configure:2906: checking for a BSD-compatible install
configure:2974: result: /usr/bin/install -c
configure:2985: checking whether build environment is sane
configure:3035: result: yes
configure:3176: checking for a thread-safe mkdir -p
configure:3215: result: /bin/mkdir -p
configure:3229: checking for gawk
configure:3259: result: no
configure:3229: checking for mawk
configure:3245: found /usr/bin/mawk
configure:3256: result: mawk
configure:3267: checking whether make sets $(MAKE)
configure:3289: result: yes
configure:3380: checking whether make supports nested variables
configure:3397: result: yes
configure:3420: checking for style of include used by make
configure:3448: result: GNU
configure:3519: checking for gcc
configure:3535: found /usr/bin/gcc
configure:3546: result: gcc
configure:3775: checking for C compiler version
configure:3784: gcc --version >&5
gcc (Debian 4.6.3-14+rpi1) 4.6.3
Copyright (C) 2011 Free Software Foundation, Inc.
This is free software; see the source for copying conditions.  There is NO
warranty; not even for MERCHANTABILITY or FITNESS FOR A PARTICULAR PURPOSE.

configure:3795: $? = 0
configure:3784: gcc -v >&5
Using built-in specs.
COLLECT_GCC=gcc
COLLECT_LTO_WRAPPER=/usr/lib/gcc/arm-linux-gnueabihf/4.6/lto-wrapper
Target: arm-linux-gnueabihf
Configured with: ../src/configure -v --with-pkgversion='Debian 4.6.3-14+rpi1' --with-bugurl=file:///usr/share/doc/gcc-4.6/README.Bugs --enable-languages=c,c++,fortran,objc,obj-c++ --prefix=/usr --program-suffix=-4.6 --enable-shared --enable-linker-build-id --with-system-zlib --libexecdir=/usr/lib --without-included-gettext --enable-threads=posix --with-gxx-include-dir=/usr/include/c++/4.6 --libdir=/usr/lib --enable-nls --with-sysroot=/ --enable-clocale=gnu --enable-libstdcxx-debug --enable-libstdcxx-time=yes --enable-gnu-unique-object --enable-plugin --enable-objc-gc --disable-sjlj-exceptions --with-arch=armv6 --with-fpu=vfp --with-float=hard --enable-checking=release --build=arm-linux-gnueabihf --host=arm-linux-gnueabihf --target=arm-linux-gnueabihf
Thread model: posix
gcc version 4.6.3 (Debian 4.6.3-14+rpi1) 
configure:3795: $? = 0
configure:3784: gcc -V >&5
gcc: error: unrecognized option '-V'
gcc: fatal error: no input files
compilation terminated.
configure:3795: $? = 4
configure:3784: gcc -qversion >&5
gcc: error: unrecognized option '-qversion'
gcc: fatal error: no input files
compilation terminated.
configure:3795: $? = 4
configure:3815: checking whether the C compiler works
configure:3837: gcc    conftest.c  >&5
configure:3841: $? = 0
configure:3889: result: yes
configure:3892: checking for C compiler default output file name
configure:3894: result: a.out
configure:3900: checking for suffix of executables
configure:3907: gcc -o conftest    conftest.c  >&5
configure:3911: $? = 0
configure:3933: result: 
configure:3955: checking whether we are cross compiling
configure:3963: gcc -o conftest    conftest.c  >&5
configure:3967: $? = 0
configure:3974: ./conftest
configure:3978: $? = 0
configure:3993: result: no
configure:3998: checking for suffix of object files
configure:4020: gcc -c   conftest.c >&5
configure:4024: $? = 0
configure:4045: result: o
configure:4049: checking whether we are using the GNU C compiler
configure:4068: gcc -c   conftest.c >&5
configure:4068: $? = 0
configure:4077: result: yes
configure:4086: checking whether gcc accepts -g
configure:4106: gcc -c -g  conftest.c >&5
configure:4106: $? = 0
configure:4147: result: yes
configure:4164: checking for gcc option to accept ISO C89
configure:4227: gcc  -c -g -O2  conftest.c >&5
configure:4227: $? = 0
configure:4240: result: none needed
configure:4262: checking dependency style of gcc
configure:4373: result: gcc3
configure:4394: checking how to run the C preprocessor
configure:4425: gcc -E  conftest.c
configure:4425: $? = 0
configure:4439: gcc -E  conftest.c
conftest.c:11:28: fatal error: ac_nonexistent.h: No such file or directory
compilation terminated.
configure:4439: $? = 1
configure: failed program was:
| /* confdefs.h */
| #define PACKAGE_NAME "cgminer"
| #define PACKAGE_TARNAME "cgminer"
| #define PACKAGE_VERSION "3.1.1"
| #define PACKAGE_STRING "cgminer 3.1.1"
| #define PACKAGE_BUGREPORT "kernel@kolivas.org"
| #define PACKAGE_URL ""
| #define PACKAGE "cgminer"
| #define VERSION "3.1.1"
| /* end confdefs.h.  */
| #include <ac_nonexistent.h>
configure:4464: result: gcc -E
configure:4484: gcc -E  conftest.c
configure:4484: $? = 0
configure:4498: gcc -E  conftest.c
conftest.c:11:28: fatal error: ac_nonexistent.h: No such file or directory
compilation terminated.
configure:4498: $? = 1
configure: failed program was:
| /* confdefs.h */
| #define PACKAGE_NAME "cgminer"
| #define PACKAGE_TARNAME "cgminer"
| #define PACKAGE_VERSION "3.1.1"
| #define PACKAGE_STRING "cgminer 3.1.1"
| #define PACKAGE_BUGREPORT "kernel@kolivas.org"
| #define PACKAGE_URL ""
| #define PACKAGE "cgminer"
| #define VERSION "3.1.1"
| /* end confdefs.h.  */
| #include <ac_nonexistent.h>
configure:4527: checking for grep that handles long lines and -e
configure:4585: result: /bin/grep
configure:4590: checking for egrep
configure:4652: result: /bin/grep -E
configure:4657: checking for ANSI C header files
configure:4677: gcc -c -g -O2  conftest.c >&5
configure:4677: $? = 0
configure:4750: gcc -o conftest -g -O2   conftest.c  >&5
configure:4750: $? = 0
configure:4750: ./conftest
configure:4750: $? = 0
configure:4761: result: yes
configure:4774: checking for sys/types.h
configure:4774: gcc -c -g -O2  conftest.c >&5
configure:4774: $? = 0
configure:4774: result: yes
configure:4774: checking for sys/stat.h
configure:4774: gcc -c -g -O2  conftest.c >&5
configure:4774: $? = 0
configure:4774: result: yes
configure:4774: checking for stdlib.h
configure:4774: gcc -c -g -O2  conftest.c >&5
configure:4774: $? = 0
configure:4774: result: yes
configure:4774: checking for string.h
configure:4774: gcc -c -g -O2  conftest.c >&5
configure:4774: $? = 0
configure:4774: result: yes
configure:4774: checking for memory.h
configure:4774: gcc -c -g -O2  conftest.c >&5
configure:4774: $? = 0
configure:4774: result: yes
configure:4774: checking for strings.h
configure:4774: gcc -c -g -O2  conftest.c >&5
configure:4774: $? = 0
configure:4774: result: yes
configure:4774: checking for inttypes.h
configure:4774: gcc -c -g -O2  conftest.c >&5
configure:4774: $? = 0
configure:4774: result: yes
configure:4774: checking for stdint.h
configure:4774: gcc -c -g -O2  conftest.c >&5
configure:4774: $? = 0
configure:4774: result: yes
configure:4774: checking for unistd.h
configure:4774: gcc -c -g -O2  conftest.c >&5
configure:4774: $? = 0
configure:4774: result: yes
configure:4789: checking minix/config.h usability
configure:4789: gcc -c -g -O2  conftest.c >&5
conftest.c:54:26: fatal error: minix/config.h: No such file or directory
compilation terminated.
configure:4789: $? = 1
configure: failed program was:
| /* confdefs.h */
| #define PACKAGE_NAME "cgminer"
| #define PACKAGE_TARNAME "cgminer"
| #define PACKAGE_VERSION "3.1.1"
| #define PACKAGE_STRING "cgminer 3.1.1"
| #define PACKAGE_BUGREPORT "kernel@kolivas.org"
| #define PACKAGE_URL ""
| #define PACKAGE "cgminer"
| #define VERSION "3.1.1"
| #define STDC_HEADERS 1
| #define HAVE_SYS_TYPES_H 1
| #define HAVE_SYS_STAT_H 1
| #define HAVE_STDLIB_H 1
| #define HAVE_STRING_H 1
| #define HAVE_MEMORY_H 1
| #define HAVE_STRINGS_H 1
| #define HAVE_INTTYPES_H 1
| #define HAVE_STDINT_H 1
| #define HAVE_UNISTD_H 1
| /* end confdefs.h.  */
| #include <stdio.h>
| #ifdef HAVE_SYS_TYPES_H
| # include <sys/types.h>
| #endif
| #ifdef HAVE_SYS_STAT_H
| # include <sys/stat.h>
| #endif
| #ifdef STDC_HEADERS
| # include <stdlib.h>
| # include <stddef.h>
| #else
| # ifdef HAVE_STDLIB_H
| #  include <stdlib.h>
| # endif
| #endif
| #ifdef HAVE_STRING_H
| # if !defined STDC_HEADERS && defined HAVE_MEMORY_H
| #  include <memory.h>
| # endif
| # include <string.h>
| #endif
| #ifdef HAVE_STRINGS_H
| # include <strings.h>
| #endif
| #ifdef HAVE_INTTYPES_H
| # include <inttypes.h>
| #endif
| #ifdef HAVE_STDINT_H
| # include <stdint.h>
| #endif
| #ifdef HAVE_UNISTD_H
| # include <unistd.h>
| #endif
| #include <minix/config.h>
configure:4789: result: no
configure:4789: checking minix/config.h presence
configure:4789: gcc -E  conftest.c
conftest.c:21:26: fatal error: minix/config.h: No such file or directory
compilation terminated.
configure:4789: $? = 1
configure: failed program was:
| /* confdefs.h */
| #define PACKAGE_NAME "cgminer"
| #define PACKAGE_TARNAME "cgminer"
| #define PACKAGE_VERSION "3.1.1"
| #define PACKAGE_STRING "cgminer 3.1.1"
| #define PACKAGE_BUGREPORT "kernel@kolivas.org"
| #define PACKAGE_URL ""
| #define PACKAGE "cgminer"
| #define VERSION "3.1.1"
| #define STDC_HEADERS 1
| #define HAVE_SYS_TYPES_H 1
| #define HAVE_SYS_STAT_H 1
| #define HAVE_STDLIB_H 1
| #define HAVE_STRING_H 1
| #define HAVE_MEMORY_H 1
| #define HAVE_STRINGS_H 1
| #define HAVE_INTTYPES_H 1
| #define HAVE_STDINT_H 1
| #define HAVE_UNISTD_H 1
| /* end confdefs.h.  */
| #include <minix/config.h>
configure:4789: result: no
configure:4789: checking for minix/config.h
configure:4789: result: no
configure:4818: checking whether it is safe to define __EXTENSIONS__
configure:4836: gcc -c -g -O2  conftest.c >&5
configure:4836: $? = 0
configure:4843: result: yes
configure:4890: checking whether to enable maintainer-specific portions of Makefiles
configure:4899: result: no
configure:4961: checking for gcc
configure:4988: result: gcc
configure:5217: checking for C compiler version
configure:5226: gcc --version >&5
gcc (Debian 4.6.3-14+rpi1) 4.6.3
Copyright (C) 2011 Free Software Foundation, Inc.
This is free software; see the source for copying conditions.  There is NO
warranty; not even for MERCHANTABILITY or FITNESS FOR A PARTICULAR PURPOSE.

configure:5237: $? = 0
configure:5226: gcc -v >&5
Using built-in specs.
COLLECT_GCC=gcc
COLLECT_LTO_WRAPPER=/usr/lib/gcc/arm-linux-gnueabihf/4.6/lto-wrapper
Target: arm-linux-gnueabihf
Configured with: ../src/configure -v --with-pkgversion='Debian 4.6.3-14+rpi1' --with-bugurl=file:///usr/share/doc/gcc-4.6/README.Bugs --enable-languages=c,c++,fortran,objc,obj-c++ --prefix=/usr --program-suffix=-4.6 --enable-shared --enable-linker-build-id --with-system-zlib --libexecdir=/usr/lib --without-included-gettext --enable-threads=posix --with-gxx-include-dir=/usr/include/c++/4.6 --libdir=/usr/lib --enable-nls --with-sysroot=/ --enable-clocale=gnu --enable-libstdcxx-debug --enable-libstdcxx-time=yes --enable-gnu-unique-object --enable-plugin --enable-objc-gc --disable-sjlj-exceptions --with-arch=armv6 --with-fpu=vfp --with-float=hard --enable-checking=release --build=arm-linux-gnueabihf --host=arm-linux-gnueabihf --target=arm-linux-gnueabihf
Thread model: posix
gcc version 4.6.3 (Debian 4.6.3-14+rpi1) 
configure:5237: $? = 0
configure:5226: gcc -V >&5
gcc: error: unrecognized option '-V'
gcc: fatal error: no input files
compilation terminated.
configure:5237: $? = 4
configure:5226: gcc -qversion >&5
gcc: error: unrecognized option '-qversion'
gcc: fatal error: no input files
compilation terminated.
configure:5237: $? = 4
configure:5241: checking whether we are using the GNU C compiler
configure:5269: result: yes
configure:5278: checking whether gcc accepts -g
configure:5339: result: yes
configure:5356: checking for gcc option to accept ISO C89
configure:5432: result: none needed
configure:5454: checking dependency style of gcc
configure:5565: result: gcc3
configure:5623: checking for ranlib
configure:5639: found /usr/bin/ranlib
configure:5650: result: ranlib
configure:5698: checking whether gcc needs -traditional
configure:5732: result: no
configure:5740: checking whether gcc and cc understand -c and -o together
configure:5771: gcc -c conftest.c -o conftest2.o >&5
configure:5775: $? = 0
configure:5781: gcc -c conftest.c -o conftest2.o >&5
configure:5785: $? = 0
configure:5796: cc -c conftest.c >&5
configure:5800: $? = 0
configure:5808: cc -c conftest.c -o conftest2.o >&5
configure:5812: $? = 0
configure:5818: cc -c conftest.c -o conftest2.o >&5
configure:5822: $? = 0
configure:5840: result: yes
configure:5908: checking for ranlib
configure:5935: result: ranlib
configure:5972: checking sys/mman.h usability
configure:5972: gcc -c -g -O2  conftest.c >&5
configure:5972: $? = 0
configure:5972: result: yes
configure:5972: checking sys/mman.h presence
configure:5972: gcc -E  conftest.c
configure:5972: $? = 0
configure:5972: result: yes
configure:5972: checking for sys/mman.h
configure:5972: result: yes
configure:5972: checking wchar.h usability
configure:5972: gcc -c -g -O2  conftest.c >&5
configure:5972: $? = 0
configure:5972: result: yes
configure:5972: checking wchar.h presence
configure:5972: gcc -E  conftest.c
configure:5972: $? = 0
configure:5972: result: yes
configure:5972: checking for wchar.h
configure:5972: result: yes
configure:5972: checking for stdint.h
configure:5972: result: yes
configure:5993: checking for mprotect
configure:5993: gcc -o conftest -g -O2   conftest.c  >&5
configure:5993: $? = 0
configure:5993: result: yes
configure:5993: checking for sigaction
configure:5993: gcc -o conftest -g -O2   conftest.c  >&5
configure:5993: $? = 0
configure:5993: result: yes
configure:5993: checking for sigaltstack
configure:5993: gcc -o conftest -g -O2   conftest.c  >&5
configure:5993: $? = 0
configure:5993: result: yes
configure:5993: checking for siginterrupt
configure:5993: gcc -o conftest -g -O2   conftest.c  >&5
configure:5993: $? = 0
configure:5993: result: yes
configure:6084: checking for mmap
configure:6084: gcc -o conftest -g -O2   conftest.c  >&5
configure:6084: $? = 0
configure:6084: result: yes
configure:6095: checking for MAP_ANONYMOUS
configure:6132: result: yes
configure:6166: checking whether memchr works
configure:6229: gcc -o conftest -g -O2   conftest.c  >&5
configure:6229: $? = 0
configure:6229: ./conftest
configure:6229: $? = 0
configure:6239: result: yes
configure:6247: checking whether memmem is declared
configure:6247: gcc -c -g -O2  conftest.c >&5
configure:6247: $? = 0
configure:6247: result: yes
configure:6265: checking for memmem
configure:6265: gcc -o conftest -g -O2   conftest.c  >&5
configure:6265: $? = 0
configure:6265: result: yes
configure:6289: checking whether memmem works
configure:6353: gcc -o conftest -g -O2   conftest.c  >&5
configure:6353: $? = 0
configure:6353: ./conftest
configure:6353: $? = 0
configure:6364: result: yes
configure:6382: gcc -c -g -O2  conftest.c >&5
conftest.c:40:10: error: unknown type name 'not'
conftest.c:40:16: error: expected '=', ',', ';', 'asm' or '__attribute__' before 'universal'
conftest.c:40:16: error: unknown type name 'universal'
configure:6382: $? = 1
configure: failed program was:
| /* confdefs.h */
| #define PACKAGE_NAME "cgminer"
| #define PACKAGE_TARNAME "cgminer"
| #define PACKAGE_VERSION "3.1.1"
| #define PACKAGE_STRING "cgminer 3.1.1"
| #define PACKAGE_BUGREPORT "kernel@kolivas.org"
| #define PACKAGE_URL ""
| #define PACKAGE "cgminer"
| #define VERSION "3.1.1"
| #define STDC_HEADERS 1
| #define HAVE_SYS_TYPES_H 1
| #define HAVE_SYS_STAT_H 1
| #define HAVE_STDLIB_H 1
| #define HAVE_STRING_H 1
| #define HAVE_MEMORY_H 1
| #define HAVE_STRINGS_H 1
| #define HAVE_INTTYPES_H 1
| #define HAVE_STDINT_H 1
| #define HAVE_UNISTD_H 1
| #define __EXTENSIONS__ 1
| #define _ALL_SOURCE 1
| #define _GNU_SOURCE 1
| #define _POSIX_PTHREAD_SEMANTICS 1
| #define _TANDEM_SOURCE 1
| #define CGMINER_MAJOR_VERSION 3
| #define CGMINER_MINOR_VERSION 1
| #define CGMINER_MINOR_SUBVERSION 1
| #define HAVE_SYS_MMAN_H 1
| #define HAVE_WCHAR_H 1
| #define HAVE_STDINT_H 1
| #define HAVE_MPROTECT 1
| #define HAVE_SIGACTION 1
| #define HAVE_SIGALTSTACK 1
| #define HAVE_SIGINTERRUPT 1
| #define HAVE_MAP_ANONYMOUS 1
| #define HAVE_DECL_MEMMEM 1
| #define HAVE_MEMMEM 1
| /* end confdefs.h.  */
| #ifndef __APPLE_CC__
|          not a universal capable compiler
|         #endif
|         typedef int dummy;
| 
configure:6433: checking for C/C++ restrict keyword
configure:6458: gcc -c -g -O2  conftest.c >&5
configure:6458: $? = 0
configure:6466: result: __restrict
configure:6479: checking for uid_t in sys/types.h
configure:6498: result: yes
configure:6509: checking for inline
configure:6525: gcc -c -g -O2  conftest.c >&5
configure:6525: $? = 0
configure:6533: result: inline
configure:6566: checking whether the preprocessor supports include_next
configure:6604: gcc -c -g -O2  -Iconftestd1b -Iconftestd2 conftest.c >&5
configure:6604: $? = 0
configure:6625: result: yes
configure:6646: checking whether system header files limit the line length
configure:6669: result: no
configure:6683: checking for wchar_t
configure:6700: gcc -c -g -O2  conftest.c >&5
configure:6700: $? = 0
configure:6707: result: yes
configure:6716: checking for unsigned long long int
configure:6755: gcc -o conftest -g -O2   conftest.c  >&5
configure:6755: $? = 0
configure:6764: result: yes
configure:6774: checking for long long int
configure:6812: gcc -o conftest -g -O2   conftest.c  >&5
configure:6812: $? = 0
configure:6812: ./conftest
configure:6812: $? = 0
configure:6824: result: yes
configure:6961: checking whether stdint.h conforms to C99
configure:7132: gcc -c -g -O2  conftest.c >&5
configure:7132: $? = 0
configure:7214: gcc -o conftest -g -O2   conftest.c  >&5
configure:7214: $? = 0
configure:7214: ./conftest
configure:7214: $? = 0
configure:7226: result: yes
configure:7625: checking whether memmem is declared without a macro
configure:7643: gcc -c -g -O2  conftest.c >&5
configure:7643: $? = 0
configure:7651: result: yes
configure:7625: checking whether mempcpy is declared without a macro
configure:7643: gcc -c -g -O2  conftest.c >&5
configure:7643: $? = 0
configure:7651: result: yes
configure:7625: checking whether memrchr is declared without a macro
configure:7643: gcc -c -g -O2  conftest.c >&5
configure:7643: $? = 0
configure:7651: result: yes
configure:7625: checking whether rawmemchr is declared without a macro
configure:7643: gcc -c -g -O2  conftest.c >&5
configure:7643: $? = 0
configure:7651: result: yes
configure:7625: checking whether stpcpy is declared without a macro
configure:7643: gcc -c -g -O2  conftest.c >&5
configure:7643: $? = 0
configure:7651: result: yes
configure:7625: checking whether stpncpy is declared without a macro
configure:7643: gcc -c -g -O2  conftest.c >&5
configure:7643: $? = 0
configure:7651: result: yes
configure:7625: checking whether strchrnul is declared without a macro
configure:7643: gcc -c -g -O2  conftest.c >&5
configure:7643: $? = 0
configure:7651: result: yes
configure:7625: checking whether strdup is declared without a macro
configure:7643: gcc -c -g -O2  conftest.c >&5
configure:7643: $? = 0
configure:7651: result: yes
configure:7625: checking whether strncat is declared without a macro
configure:7643: gcc -c -g -O2  conftest.c >&5
configure:7643: $? = 0
configure:7651: result: yes
configure:7625: checking whether strndup is declared without a macro
configure:7643: gcc -c -g -O2  conftest.c >&5
configure:7643: $? = 0
configure:7651: result: yes
configure:7625: checking whether strnlen is declared without a macro
configure:7643: gcc -c -g -O2  conftest.c >&5
configure:7643: $? = 0
configure:7651: result: yes
configure:7625: checking whether strpbrk is declared without a macro
configure:7643: gcc -c -g -O2  conftest.c >&5
configure:7643: $? = 0
configure:7651: result: yes
configure:7625: checking whether strsep is declared without a macro
configure:7643: gcc -c -g -O2  conftest.c >&5
configure:7643: $? = 0
configure:7651: result: yes
configure:7625: checking whether strcasestr is declared without a macro
configure:7643: gcc -c -g -O2  conftest.c >&5
configure:7643: $? = 0
configure:7651: result: yes
configure:7625: checking whether strtok_r is declared without a macro
configure:7643: gcc -c -g -O2  conftest.c >&5
configure:7643: $? = 0
configure:7651: result: yes
configure:7625: checking whether strerror_r is declared without a macro
configure:7643: gcc -c -g -O2  conftest.c >&5
configure:7643: $? = 0
configure:7651: result: yes
configure:7625: checking whether strsignal is declared without a macro
configure:7643: gcc -c -g -O2  conftest.c >&5
configure:7643: $? = 0
configure:7651: result: yes
configure:7625: checking whether strverscmp is declared without a macro
configure:7643: gcc -c -g -O2  conftest.c >&5
configure:7643: $? = 0
configure:7651: result: yes
configure:7731: checking whether memmem works in linear time
configure:7802: gcc -o conftest -g -O2   conftest.c  >&5
configure:7802: $? = 0
configure:7802: ./conftest
configure:7802: $? = 0
configure:7813: result: yes
configure:7838: checking for memmem
configure:7838: result: yes
configure:7862: checking whether memmem works
configure:7937: result: yes
configure:7983: checking for struct sigaction.sa_sigaction
configure:7983: gcc -c -g -O2  conftest.c >&5
configure:7983: $? = 0
configure:7983: result: yes
configure:8118: checking for volatile sig_atomic_t
configure:8118: gcc -c -g -O2  conftest.c >&5
configure:8118: $? = 0
configure:8118: gcc -c -g -O2  conftest.c >&5
conftest.c: In function 'main':
conftest.c:73:36: error: expected expression before ')' token
configure:8118: $? = 1
configure: failed program was:
| /* confdefs.h */
| #define PACKAGE_NAME "cgminer"
| #define PACKAGE_TARNAME "cgminer"
| #define PACKAGE_VERSION "3.1.1"
| #define PACKAGE_STRING "cgminer 3.1.1"
| #define PACKAGE_BUGREPORT "kernel@kolivas.org"
| #define PACKAGE_URL ""
| #define PACKAGE "cgminer"
| #define VERSION "3.1.1"
| #define STDC_HEADERS 1
| #define HAVE_SYS_TYPES_H 1
| #define HAVE_SYS_STAT_H 1
| #define HAVE_STDLIB_H 1
| #define HAVE_STRING_H 1
| #define HAVE_MEMORY_H 1
| #define HAVE_STRINGS_H 1
| #define HAVE_INTTYPES_H 1
| #define HAVE_STDINT_H 1
| #define HAVE_UNISTD_H 1
| #define __EXTENSIONS__ 1
| #define _ALL_SOURCE 1
| #define _GNU_SOURCE 1
| #define _POSIX_PTHREAD_SEMANTICS 1
| #define _TANDEM_SOURCE 1
| #define CGMINER_MAJOR_VERSION 3
| #define CGMINER_MINOR_VERSION 1
| #define CGMINER_MINOR_SUBVERSION 1
| #define HAVE_SYS_MMAN_H 1
| #define HAVE_WCHAR_H 1
| #define HAVE_STDINT_H 1
| #define HAVE_MPROTECT 1
| #define HAVE_SIGACTION 1
| #define HAVE_SIGALTSTACK 1
| #define HAVE_SIGINTERRUPT 1
| #define HAVE_MAP_ANONYMOUS 1
| #define HAVE_DECL_MEMMEM 1
| #define HAVE_MEMMEM 1
| #define restrict __restrict
| #define HAVE_WCHAR_T 1
| #define HAVE_UNSIGNED_LONG_LONG_INT 1
| #define HAVE_LONG_LONG_INT 1
| #define HAVE_RAW_DECL_MEMMEM 1
| #define HAVE_RAW_DECL_MEMPCPY 1
| #define HAVE_RAW_DECL_MEMRCHR 1
| #define HAVE_RAW_DECL_RAWMEMCHR 1
| #define HAVE_RAW_DECL_STPCPY 1
| #define HAVE_RAW_DECL_STPNCPY 1
| #define HAVE_RAW_DECL_STRCHRNUL 1
| #define HAVE_RAW_DECL_STRDUP 1
| #define HAVE_RAW_DECL_STRNCAT 1
| #define HAVE_RAW_DECL_STRNDUP 1
| #define HAVE_RAW_DECL_STRNLEN 1
| #define HAVE_RAW_DECL_STRPBRK 1
| #define HAVE_RAW_DECL_STRSEP 1
| #define HAVE_RAW_DECL_STRCASESTR 1
| #define HAVE_RAW_DECL_STRTOK_R 1
| #define HAVE_RAW_DECL_STRERROR_R 1
| #define HAVE_RAW_DECL_STRSIGNAL 1
| #define HAVE_RAW_DECL_STRVERSCMP 1
| #define GNULIB_TEST_MEMCHR 1
| #define HAVE_MEMMEM 1
| #define GNULIB_TEST_MEMMEM 1
| #define HAVE_STRUCT_SIGACTION_SA_SIGACTION 1
| #define GNULIB_TEST_SIGACTION 1
| /* end confdefs.h.  */
| 
| #include <signal.h>
| 
| 
| int
| main ()
| {
| if (sizeof ((volatile sig_atomic_t)))
| 	    return 0;
|   ;
|   return 0;
| }
configure:8118: result: yes
configure:8132: checking for sighandler_t
configure:8132: gcc -c -g -O2  conftest.c >&5
configure:8132: $? = 0
configure:8132: gcc -c -g -O2  conftest.c >&5
conftest.c: In function 'main':
conftest.c:73:27: error: expected expression before ')' token
configure:8132: $? = 1
configure: failed program was:
| /* confdefs.h */
| #define PACKAGE_NAME "cgminer"
| #define PACKAGE_TARNAME "cgminer"
| #define PACKAGE_VERSION "3.1.1"
| #define PACKAGE_STRING "cgminer 3.1.1"
| #define PACKAGE_BUGREPORT "kernel@kolivas.org"
| #define PACKAGE_URL ""
| #define PACKAGE "cgminer"
| #define VERSION "3.1.1"
| #define STDC_HEADERS 1
| #define HAVE_SYS_TYPES_H 1
| #define HAVE_SYS_STAT_H 1
| #define HAVE_STDLIB_H 1
| #define HAVE_STRING_H 1
| #define HAVE_MEMORY_H 1
| #define HAVE_STRINGS_H 1
| #define HAVE_INTTYPES_H 1
| #define HAVE_STDINT_H 1
| #define HAVE_UNISTD_H 1
| #define __EXTENSIONS__ 1
| #define _ALL_SOURCE 1
| #define _GNU_SOURCE 1
| #define _POSIX_PTHREAD_SEMANTICS 1
| #define _TANDEM_SOURCE 1
| #define CGMINER_MAJOR_VERSION 3
| #define CGMINER_MINOR_VERSION 1
| #define CGMINER_MINOR_SUBVERSION 1
| #define HAVE_SYS_MMAN_H 1
| #define HAVE_WCHAR_H 1
| #define HAVE_STDINT_H 1
| #define HAVE_MPROTECT 1
| #define HAVE_SIGACTION 1
| #define HAVE_SIGALTSTACK 1
| #define HAVE_SIGINTERRUPT 1
| #define HAVE_MAP_ANONYMOUS 1
| #define HAVE_DECL_MEMMEM 1
| #define HAVE_MEMMEM 1
| #define restrict __restrict
| #define HAVE_WCHAR_T 1
| #define HAVE_UNSIGNED_LONG_LONG_INT 1
| #define HAVE_LONG_LONG_INT 1
| #define HAVE_RAW_DECL_MEMMEM 1
| #define HAVE_RAW_DECL_MEMPCPY 1
| #define HAVE_RAW_DECL_MEMRCHR 1
| #define HAVE_RAW_DECL_RAWMEMCHR 1
| #define HAVE_RAW_DECL_STPCPY 1
| #define HAVE_RAW_DECL_STPNCPY 1
| #define HAVE_RAW_DECL_STRCHRNUL 1
| #define HAVE_RAW_DECL_STRDUP 1
| #define HAVE_RAW_DECL_STRNCAT 1
| #define HAVE_RAW_DECL_STRNDUP 1
| #define HAVE_RAW_DECL_STRNLEN 1
| #define HAVE_RAW_DECL_STRPBRK 1
| #define HAVE_RAW_DECL_STRSEP 1
| #define HAVE_RAW_DECL_STRCASESTR 1
| #define HAVE_RAW_DECL_STRTOK_R 1
| #define HAVE_RAW_DECL_STRERROR_R 1
| #define HAVE_RAW_DECL_STRSIGNAL 1
| #define HAVE_RAW_DECL_STRVERSCMP 1
| #define GNULIB_TEST_MEMCHR 1
| #define HAVE_MEMMEM 1
| #define GNULIB_TEST_MEMMEM 1
| #define HAVE_STRUCT_SIGACTION_SA_SIGACTION 1
| #define GNULIB_TEST_SIGACTION 1
| /* end confdefs.h.  */
| 
| #include <signal.h>
| 
| 
| int
| main ()
| {
| if (sizeof ((sighandler_t)))
| 	    return 0;
|   ;
|   return 0;
| }
configure:8132: result: yes
configure:8146: checking whether sigaction is declared without a macro
configure:8164: gcc -c -g -O2  conftest.c >&5
configure:8164: $? = 0
configure:8172: result: yes
configure:8146: checking whether sigaddset is declared without a macro
configure:8164: gcc -c -g -O2  conftest.c >&5
configure:8164: $? = 0
configure:8172: result: yes
configure:8146: checking whether sigdelset is declared without a macro
configure:8164: gcc -c -g -O2  conftest.c >&5
configure:8164: $? = 0
configure:8172: result: yes
configure:8146: checking whether sigemptyset is declared without a macro
configure:8164: gcc -c -g -O2  conftest.c >&5
configure:8164: $? = 0
configure:8172: result: yes
configure:8146: checking whether sigfillset is declared without a macro
configure:8164: gcc -c -g -O2  conftest.c >&5
configure:8164: $? = 0
configure:8172: result: yes
configure:8146: checking whether sigismember is declared without a macro
configure:8164: gcc -c -g -O2  conftest.c >&5
configure:8164: $? = 0
configure:8172: result: yes
configure:8146: checking whether sigpending is declared without a macro
configure:8164: gcc -c -g -O2  conftest.c >&5
configure:8164: $? = 0
configure:8172: result: yes
configure:8146: checking whether sigprocmask is declared without a macro
configure:8164: gcc -c -g -O2  conftest.c >&5
configure:8164: $? = 0
configure:8172: result: yes
configure:8201: checking for sigprocmask
configure:8201: gcc -o conftest -g -O2   conftest.c  >&5
configure:8201: $? = 0
configure:8201: result: yes
configure:8268: checking whether NULL can be used in arbitrary expressions
configure:8286: gcc -c -g -O2  conftest.c >&5
configure:8286: $? = 0
configure:8293: result: yes
configure:8408: checking for ANSI C header files
configure:8512: result: yes
configure:8522: checking syslog.h usability
configure:8522: gcc -c -g -O2  conftest.c >&5
configure:8522: $? = 0
configure:8522: result: yes
configure:8522: checking syslog.h presence
configure:8522: gcc -E  conftest.c
configure:8522: $? = 0
configure:8522: result: yes
configure:8522: checking for syslog.h
configure:8522: result: yes
configure:8533: checking for size_t
configure:8533: gcc -c -g -O2  conftest.c >&5
configure:8533: $? = 0
configure:8533: gcc -c -g -O2  conftest.c >&5
conftest.c: In function 'main':
conftest.c:113:21: error: expected expression before ')' token
configure:8533: $? = 1
configure: failed program was:
| /* confdefs.h */
| #define PACKAGE_NAME "cgminer"
| #define PACKAGE_TARNAME "cgminer"
| #define PACKAGE_VERSION "3.1.1"
| #define PACKAGE_STRING "cgminer 3.1.1"
| #define PACKAGE_BUGREPORT "kernel@kolivas.org"
| #define PACKAGE_URL ""
| #define PACKAGE "cgminer"
| #define VERSION "3.1.1"
| #define STDC_HEADERS 1
| #define HAVE_SYS_TYPES_H 1
| #define HAVE_SYS_STAT_H 1
| #define HAVE_STDLIB_H 1
| #define HAVE_STRING_H 1
| #define HAVE_MEMORY_H 1
| #define HAVE_STRINGS_H 1
| #define HAVE_INTTYPES_H 1
| #define HAVE_STDINT_H 1
| #define HAVE_UNISTD_H 1
| #define __EXTENSIONS__ 1
| #define _ALL_SOURCE 1
| #define _GNU_SOURCE 1
| #define _POSIX_PTHREAD_SEMANTICS 1
| #define _TANDEM_SOURCE 1
| #define CGMINER_MAJOR_VERSION 3
| #define CGMINER_MINOR_VERSION 1
| #define CGMINER_MINOR_SUBVERSION 1
| #define HAVE_SYS_MMAN_H 1
| #define HAVE_WCHAR_H 1
| #define HAVE_STDINT_H 1
| #define HAVE_MPROTECT 1
| #define HAVE_SIGACTION 1
| #define HAVE_SIGALTSTACK 1
| #define HAVE_SIGINTERRUPT 1
| #define HAVE_MAP_ANONYMOUS 1
| #define HAVE_DECL_MEMMEM 1
| #define HAVE_MEMMEM 1
| #define restrict __restrict
| #define HAVE_WCHAR_T 1
| #define HAVE_UNSIGNED_LONG_LONG_INT 1
| #define HAVE_LONG_LONG_INT 1
| #define HAVE_RAW_DECL_MEMMEM 1
| #define HAVE_RAW_DECL_MEMPCPY 1
| #define HAVE_RAW_DECL_MEMRCHR 1
| #define HAVE_RAW_DECL_RAWMEMCHR 1
| #define HAVE_RAW_DECL_STPCPY 1
| #define HAVE_RAW_DECL_STPNCPY 1
| #define HAVE_RAW_DECL_STRCHRNUL 1
| #define HAVE_RAW_DECL_STRDUP 1
| #define HAVE_RAW_DECL_STRNCAT 1
| #define HAVE_RAW_DECL_STRNDUP 1
| #define HAVE_RAW_DECL_STRNLEN 1
| #define HAVE_RAW_DECL_STRPBRK 1
| #define HAVE_RAW_DECL_STRSEP 1
| #define HAVE_RAW_DECL_STRCASESTR 1
| #define HAVE_RAW_DECL_STRTOK_R 1
| #define HAVE_RAW_DECL_STRERROR_R 1
| #define HAVE_RAW_DECL_STRSIGNAL 1
| #define HAVE_RAW_DECL_STRVERSCMP 1
| #define GNULIB_TEST_MEMCHR 1
| #define HAVE_MEMMEM 1
| #define GNULIB_TEST_MEMMEM 1
| #define HAVE_STRUCT_SIGACTION_SA_SIGACTION 1
| #define GNULIB_TEST_SIGACTION 1
| #define HAVE_RAW_DECL_SIGACTION 1
| #define HAVE_RAW_DECL_SIGADDSET 1
| #define HAVE_RAW_DECL_SIGDELSET 1
| #define HAVE_RAW_DECL_SIGEMPTYSET 1
| #define HAVE_RAW_DECL_SIGFILLSET 1
| #define HAVE_RAW_DECL_SIGISMEMBER 1
| #define HAVE_RAW_DECL_SIGPENDING 1
| #define HAVE_RAW_DECL_SIGPROCMASK 1
| #define GNULIB_TEST_SIGPROCMASK 1
| #define STDC_HEADERS 1
| #define HAVE_SYSLOG_H 1
| /* end confdefs.h.  */
| #include <stdio.h>
| #ifdef HAVE_SYS_TYPES_H
| # include <sys/types.h>
| #endif
| #ifdef HAVE_SYS_STAT_H
| # include <sys/stat.h>
| #endif
| #ifdef STDC_HEADERS
| # include <stdlib.h>
| # include <stddef.h>
| #else
| # ifdef HAVE_STDLIB_H
| #  include <stdlib.h>
| # endif
| #endif
| #ifdef HAVE_STRING_H
| # if !defined STDC_HEADERS && defined HAVE_MEMORY_H
| #  include <memory.h>
| # endif
| # include <string.h>
| #endif
| #ifdef HAVE_STRINGS_H
| # include <strings.h>
| #endif
| #ifdef HAVE_INTTYPES_H
| # include <inttypes.h>
| #endif
| #ifdef HAVE_STDINT_H
| # include <stdint.h>
| #endif
| #ifdef HAVE_UNISTD_H
| # include <unistd.h>
| #endif
| int
| main ()
| {
| if (sizeof ((size_t)))
| 	    return 0;
|   ;
|   return 0;
| }
configure:8533: result: yes
configure:8546: checking for working alloca.h
configure:8563: gcc -o conftest -g -O2   conftest.c  >&5
configure:8563: $? = 0
configure:8571: result: yes
configure:8579: checking for alloca
configure:8616: gcc -o conftest -g -O2   conftest.c  >&5
configure:8616: $? = 0
configure:8624: result: yes
configure:8910: checking for pthread_create in -lpthread
configure:8935: gcc -o conftest -g -O2   conftest.c -lpthread   >&5
configure:8935: $? = 0
configure:8944: result: yes
configure:8960: checking for json_loads in -ljansson
configure:8985: gcc -o conftest -g -O2   conftest.c -ljansson  -lpthread  >&5
/usr/bin/ld: cannot find -ljansson
collect2: ld returned 1 exit status
configure:8985: $? = 1
configure: failed program was:
| /* confdefs.h */
| #define PACKAGE_NAME "cgminer"
| #define PACKAGE_TARNAME "cgminer"
| #define PACKAGE_VERSION "3.1.1"
| #define PACKAGE_STRING "cgminer 3.1.1"
| #define PACKAGE_BUGREPORT "kernel@kolivas.org"
| #define PACKAGE_URL ""
| #define PACKAGE "cgminer"
| #define VERSION "3.1.1"
| #define STDC_HEADERS 1
| #define HAVE_SYS_TYPES_H 1
| #define HAVE_SYS_STAT_H 1
| #define HAVE_STDLIB_H 1
| #define HAVE_STRING_H 1
| #define HAVE_MEMORY_H 1
| #define HAVE_STRINGS_H 1
| #define HAVE_INTTYPES_H 1
| #define HAVE_STDINT_H 1
| #define HAVE_UNISTD_H 1
| #define __EXTENSIONS__ 1
| #define _ALL_SOURCE 1
| #define _GNU_SOURCE 1
| #define _POSIX_PTHREAD_SEMANTICS 1
| #define _TANDEM_SOURCE 1
| #define CGMINER_MAJOR_VERSION 3
| #define CGMINER_MINOR_VERSION 1
| #define CGMINER_MINOR_SUBVERSION 1
| #define HAVE_SYS_MMAN_H 1
| #define HAVE_WCHAR_H 1
| #define HAVE_STDINT_H 1
| #define HAVE_MPROTECT 1
| #define HAVE_SIGACTION 1
| #define HAVE_SIGALTSTACK 1
| #define HAVE_SIGINTERRUPT 1
| #define HAVE_MAP_ANONYMOUS 1
| #define HAVE_DECL_MEMMEM 1
| #define HAVE_MEMMEM 1
| #define restrict __restrict
| #define HAVE_WCHAR_T 1
| #define HAVE_UNSIGNED_LONG_LONG_INT 1
| #define HAVE_LONG_LONG_INT 1
| #define HAVE_RAW_DECL_MEMMEM 1
| #define HAVE_RAW_DECL_MEMPCPY 1
| #define HAVE_RAW_DECL_MEMRCHR 1
| #define HAVE_RAW_DECL_RAWMEMCHR 1
| #define HAVE_RAW_DECL_STPCPY 1
| #define HAVE_RAW_DECL_STPNCPY 1
| #define HAVE_RAW_DECL_STRCHRNUL 1
| #define HAVE_RAW_DECL_STRDUP 1
| #define HAVE_RAW_DECL_STRNCAT 1
| #define HAVE_RAW_DECL_STRNDUP 1
| #define HAVE_RAW_DECL_STRNLEN 1
| #define HAVE_RAW_DECL_STRPBRK 1
| #define HAVE_RAW_DECL_STRSEP 1
| #define HAVE_RAW_DECL_STRCASESTR 1
| #define HAVE_RAW_DECL_STRTOK_R 1
| #define HAVE_RAW_DECL_STRERROR_R 1
| #define HAVE_RAW_DECL_STRSIGNAL 1
| #define HAVE_RAW_DECL_STRVERSCMP 1
| #define GNULIB_TEST_MEMCHR 1
| #define HAVE_MEMMEM 1
| #define GNULIB_TEST_MEMMEM 1
| #define HAVE_STRUCT_SIGACTION_SA_SIGACTION 1
| #define GNULIB_TEST_SIGACTION 1
| #define HAVE_RAW_DECL_SIGACTION 1
| #define HAVE_RAW_DECL_SIGADDSET 1
| #define HAVE_RAW_DECL_SIGDELSET 1
| #define HAVE_RAW_DECL_SIGEMPTYSET 1
| #define HAVE_RAW_DECL_SIGFILLSET 1
| #define HAVE_RAW_DECL_SIGISMEMBER 1
| #define HAVE_RAW_DECL_SIGPENDING 1
| #define HAVE_RAW_DECL_SIGPROCMASK 1
| #define GNULIB_TEST_SIGPROCMASK 1
| #define STDC_HEADERS 1
| #define HAVE_SYSLOG_H 1
| #define HAVE_ALLOCA_H 1
| #define HAVE_ALLOCA 1
| #define HAVE_LIBPTHREAD 1
| /* end confdefs.h.  */
| 
| /* Override any GCC internal prototype to avoid an error.
|    Use char because int might match the return type of a GCC
|    builtin and then its argument prototype would still apply.  */
| #ifdef __cplusplus
| extern "C"
| #endif
| char json_loads ();
| int
| main ()
| {
| return json_loads ();
|   ;
|   return 0;
| }
configure:8994: result: no
configure:9241: checking for library containing addstr
configure:9272: gcc -o conftest -g -O2   conftest.c -lpthread  >&5
/tmp/ccOCmgeB.o: In function `main':
/home/pi/cgminer-3.1.1/conftest.c:94: undefined reference to `addstr'
collect2: ld returned 1 exit status
configure:9272: $? = 1
configure: failed program was:
| /* confdefs.h */
| #define PACKAGE_NAME "cgminer"
| #define PACKAGE_TARNAME "cgminer"
| #define PACKAGE_VERSION "3.1.1"
| #define PACKAGE_STRING "cgminer 3.1.1"
| #define PACKAGE_BUGREPORT "kernel@kolivas.org"
| #define PACKAGE_URL ""
| #define PACKAGE "cgminer"
| #define VERSION "3.1.1"
| #define STDC_HEADERS 1
| #define HAVE_SYS_TYPES_H 1
| #define HAVE_SYS_STAT_H 1
| #define HAVE_STDLIB_H 1
| #define HAVE_STRING_H 1
| #define HAVE_MEMORY_H 1
| #define HAVE_STRINGS_H 1
| #define HAVE_INTTYPES_H 1
| #define HAVE_STDINT_H 1
| #define HAVE_UNISTD_H 1
| #define __EXTENSIONS__ 1
| #define _ALL_SOURCE 1
| #define _GNU_SOURCE 1
| #define _POSIX_PTHREAD_SEMANTICS 1
| #define _TANDEM_SOURCE 1
| #define CGMINER_MAJOR_VERSION 3
| #define CGMINER_MINOR_VERSION 1
| #define CGMINER_MINOR_SUBVERSION 1
| #define HAVE_SYS_MMAN_H 1
| #define HAVE_WCHAR_H 1
| #define HAVE_STDINT_H 1
| #define HAVE_MPROTECT 1
| #define HAVE_SIGACTION 1
| #define HAVE_SIGALTSTACK 1
| #define HAVE_SIGINTERRUPT 1
| #define HAVE_MAP_ANONYMOUS 1
| #define HAVE_DECL_MEMMEM 1
| #define HAVE_MEMMEM 1
| #define restrict __restrict
| #define HAVE_WCHAR_T 1
| #define HAVE_UNSIGNED_LONG_LONG_INT 1
| #define HAVE_LONG_LONG_INT 1
| #define HAVE_RAW_DECL_MEMMEM 1
| #define HAVE_RAW_DECL_MEMPCPY 1
| #define HAVE_RAW_DECL_MEMRCHR 1
| #define HAVE_RAW_DECL_RAWMEMCHR 1
| #define HAVE_RAW_DECL_STPCPY 1
| #define HAVE_RAW_DECL_STPNCPY 1
| #define HAVE_RAW_DECL_STRCHRNUL 1
| #define HAVE_RAW_DECL_STRDUP 1
| #define HAVE_RAW_DECL_STRNCAT 1
| #define HAVE_RAW_DECL_STRNDUP 1
| #define HAVE_RAW_DECL_STRNLEN 1
| #define HAVE_RAW_DECL_STRPBRK 1
| #define HAVE_RAW_DECL_STRSEP 1
| #define HAVE_RAW_DECL_STRCASESTR 1
| #define HAVE_RAW_DECL_STRTOK_R 1
| #define HAVE_RAW_DECL_STRERROR_R 1
| #define HAVE_RAW_DECL_STRSIGNAL 1
| #define HAVE_RAW_DECL_STRVERSCMP 1
| #define GNULIB_TEST_MEMCHR 1
| #define HAVE_MEMMEM 1
| #define GNULIB_TEST_MEMMEM 1
| #define HAVE_STRUCT_SIGACTION_SA_SIGACTION 1
| #define GNULIB_TEST_SIGACTION 1
| #define HAVE_RAW_DECL_SIGACTION 1
| #define HAVE_RAW_DECL_SIGADDSET 1
| #define HAVE_RAW_DECL_SIGDELSET 1
| #define HAVE_RAW_DECL_SIGEMPTYSET 1
| #define HAVE_RAW_DECL_SIGFILLSET 1
| #define HAVE_RAW_DECL_SIGISMEMBER 1
| #define HAVE_RAW_DECL_SIGPENDING 1
| #define HAVE_RAW_DECL_SIGPROCMASK 1
| #define GNULIB_TEST_SIGPROCMASK 1
| #define STDC_HEADERS 1
| #define HAVE_SYSLOG_H 1
| #define HAVE_ALLOCA_H 1
| #define HAVE_ALLOCA 1
| #define HAVE_LIBPTHREAD 1
| #define USE_BFLSC 1
| #define USE_ICARUS 1
| #define USE_ZTEX 1
| /* end confdefs.h.  */
| 
| /* Override any GCC internal prototype to avoid an error.
|    Use char because int might match the return type of a GCC
|    builtin and then its argument prototype would still apply.  */
| #ifdef __cplusplus
| extern "C"
| #endif
| char addstr ();
| int
| main ()
| {
| return addstr ();
|   ;
|   return 0;
| }
configure:9272: gcc -o conftest -g -O2   conftest.c -lncurses  -lpthread  >&5
configure:9272: $? = 0
configure:9289: result: -lncurses
configure:9389: checking libudev.h usability
configure:9389: gcc -c -g -O2  conftest.c >&5
configure:9389: $? = 0
configure:9389: result: yes
configure:9389: checking libudev.h presence
configure:9389: gcc -E  conftest.c
configure:9389: $? = 0
configure:9389: result: yes
configure:9389: checking for libudev.h
configure:9389: result: yes
configure:9473: checking for pkg-config
configure:9491: found /usr/bin/pkg-config
configure:9503: result: /usr/bin/pkg-config
configure:9528: checking pkg-config is at least version 0.9.0
configure:9531: result: yes
configure:9562: checking for LIBUSB
configure:9569: $PKG_CONFIG --exists --print-errors "libusb-1.0"
configure:9572: $? = 0
configure:9586: $PKG_CONFIG --exists --print-errors "libusb-1.0"
configure:9589: $? = 0
configure:9627: result: yes
configure:9642: checking for LIBCURL
configure:9649: $PKG_CONFIG --exists --print-errors "libcurl >= 7.25.0"
configure:9652: $? = 0
configure:9666: $PKG_CONFIG --exists --print-errors "libcurl >= 7.25.0"
configure:9669: $? = 0
configure:9847: result: yes
configure:9938: gcc -c -g -O2  conftest.c >&5
conftest.c:89:26: fatal error: process.h: No such file or directory
compilation terminated.
configure:9938: $? = 1
configure: failed program was:
| /* confdefs.h */
| #define PACKAGE_NAME "cgminer"
| #define PACKAGE_TARNAME "cgminer"
| #define PACKAGE_VERSION "3.1.1"
| #define PACKAGE_STRING "cgminer 3.1.1"
| #define PACKAGE_BUGREPORT "kernel@kolivas.org"
| #define PACKAGE_URL ""
| #define PACKAGE "cgminer"
| #define VERSION "3.1.1"
| #define STDC_HEADERS 1
| #define HAVE_SYS_TYPES_H 1
| #define HAVE_SYS_STAT_H 1
| #define HAVE_STDLIB_H 1
| #define HAVE_STRING_H 1
| #define HAVE_MEMORY_H 1
| #define HAVE_STRINGS_H 1
| #define HAVE_INTTYPES_H 1
| #define HAVE_STDINT_H 1
| #define HAVE_UNISTD_H 1
| #define __EXTENSIONS__ 1
| #define _ALL_SOURCE 1
| #define _GNU_SOURCE 1
| #define _POSIX_PTHREAD_SEMANTICS 1
| #define _TANDEM_SOURCE 1
| #define CGMINER_MAJOR_VERSION 3
| #define CGMINER_MINOR_VERSION 1
| #define CGMINER_MINOR_SUBVERSION 1
| #define HAVE_SYS_MMAN_H 1
| #define HAVE_WCHAR_H 1
| #define HAVE_STDINT_H 1
| #define HAVE_MPROTECT 1
| #define HAVE_SIGACTION 1
| #define HAVE_SIGALTSTACK 1
| #define HAVE_SIGINTERRUPT 1
| #define HAVE_MAP_ANONYMOUS 1
| #define HAVE_DECL_MEMMEM 1
| #define HAVE_MEMMEM 1
| #define restrict __restrict
| #define HAVE_WCHAR_T 1
| #define HAVE_UNSIGNED_LONG_LONG_INT 1
| #define HAVE_LONG_LONG_INT 1
| #define HAVE_RAW_DECL_MEMMEM 1
| #define HAVE_RAW_DECL_MEMPCPY 1
| #define HAVE_RAW_DECL_MEMRCHR 1
| #define HAVE_RAW_DECL_RAWMEMCHR 1
| #define HAVE_RAW_DECL_STPCPY 1
| #define HAVE_RAW_DECL_STPNCPY 1
| #define HAVE_RAW_DECL_STRCHRNUL 1
| #define HAVE_RAW_DECL_STRDUP 1
| #define HAVE_RAW_DECL_STRNCAT 1
| #define HAVE_RAW_DECL_STRNDUP 1
| #define HAVE_RAW_DECL_STRNLEN 1
| #define HAVE_RAW_DECL_STRPBRK 1
| #define HAVE_RAW_DECL_STRSEP 1
| #define HAVE_RAW_DECL_STRCASESTR 1
| #define HAVE_RAW_DECL_STRTOK_R 1
| #define HAVE_RAW_DECL_STRERROR_R 1
| #define HAVE_RAW_DECL_STRSIGNAL 1
| #define HAVE_RAW_DECL_STRVERSCMP 1
| #define GNULIB_TEST_MEMCHR 1
| #define HAVE_MEMMEM 1
| #define GNULIB_TEST_MEMMEM 1
| #define HAVE_STRUCT_SIGACTION_SA_SIGACTION 1
| #define GNULIB_TEST_SIGACTION 1
| #define HAVE_RAW_DECL_SIGACTION 1
| #define HAVE_RAW_DECL_SIGADDSET 1
| #define HAVE_RAW_DECL_SIGDELSET 1
| #define HAVE_RAW_DECL_SIGEMPTYSET 1
| #define HAVE_RAW_DECL_SIGFILLSET 1
| #define HAVE_RAW_DECL_SIGISMEMBER 1
| #define HAVE_RAW_DECL_SIGPENDING 1
| #define HAVE_RAW_DECL_SIGPROCMASK 1
| #define GNULIB_TEST_SIGPROCMASK 1
| #define STDC_HEADERS 1
| #define HAVE_SYSLOG_H 1
| #define HAVE_ALLOCA_H 1
| #define HAVE_ALLOCA 1
| #define HAVE_LIBPTHREAD 1
| #define USE_BFLSC 1
| #define USE_ICARUS 1
| #define USE_ZTEX 1
| #define HAVE_CURSES 1
| #define USE_USBUTILS 1
| #define HAVE_LIBUDEV 1
| #define HAVE_LIBUSB 1
| #define CURL_HAS_KEEPALIVE 1
| /* end confdefs.h.  */
| 
| 		   #include <process.h>
| 		   int execv(const char*, const char*const*);
| 
configure:9956: gcc -c -g -O2  conftest.c >&5
configure:9956: $? = 0
configure:9966: gcc -c -g -O2  conftest.c >&5
configure:9966: $? = 0
configure:9976: gcc -c -g -O2  conftest.c >&5
conftest.c: In function 'cleanup':
conftest.c:91:55: warning: incompatible implicit declaration of built-in function 'exit' [enabled by default]
configure:9976: $? = 0
configure:9986: gcc -c -g -O2  conftest.c >&5
configure:9986: $? = 0
configure:9996: gcc -c -g -O2  conftest.c >&5
configure:9996: $? = 0
configure:10006: gcc -c -g -O2  conftest.c >&5
configure:10006: $? = 0
configure:10016: gcc -o conftest -g -O2   conftest.c -lncurses -lpthread  >&5
configure:10016: $? = 0
configure:10027: gcc -o conftest -g -O2   conftest.c -lncurses -lpthread  >&5
configure:10027: $? = 0
configure:10038: gcc -c -g -O2  conftest.c >&5
configure:10038: $? = 0
configure:10336: creating ./config.status

## ---------------------- ##
## Running config.status. ##
## ---------------------- ##

This file was extended by cgminer config.status 3.1.1, which was
generated by GNU Autoconf 2.69.  Invocation command line was

  CONFIG_FILES    = 
  CONFIG_HEADERS  = 
  CONFIG_LINKS    = 
  CONFIG_COMMANDS = 
  $ ./config.status 

on raspberrypi

config.status:1137: creating Makefile
config.status:1137: creating compat/Makefile
config.status:1137: creating compat/jansson/Makefile
config.status:1137: creating ccan/Makefile
config.status:1137: creating lib/Makefile
config.status:1137: creating config.h
config.status:1366: executing depfiles commands

## ---------------- ##
## Cache variables. ##
## ---------------- ##

ac_cv_build=armv6l-unknown-linux-gnueabihf
ac_cv_c_compiler_gnu=yes
ac_cv_c_inline=inline
ac_cv_c_restrict=__restrict
ac_cv_env_CC_set=
ac_cv_env_CC_value=
ac_cv_env_CFLAGS_set=
ac_cv_env_CFLAGS_value=
ac_cv_env_CPPFLAGS_set=
ac_cv_env_CPPFLAGS_value=
ac_cv_env_CPP_set=
ac_cv_env_CPP_value=
ac_cv_env_LDFLAGS_set=
ac_cv_env_LDFLAGS_value=
ac_cv_env_LIBCURL_CFLAGS_set=
ac_cv_env_LIBCURL_CFLAGS_value=
ac_cv_env_LIBCURL_LIBS_set=
ac_cv_env_LIBCURL_LIBS_value=
ac_cv_env_LIBS_set=
ac_cv_env_LIBS_value=
ac_cv_env_LIBUSB_CFLAGS_set=
ac_cv_env_LIBUSB_CFLAGS_value=
ac_cv_env_LIBUSB_LIBS_set=
ac_cv_env_LIBUSB_LIBS_value=
ac_cv_env_PKG_CONFIG_LIBDIR_set=
ac_cv_env_PKG_CONFIG_LIBDIR_value=
ac_cv_env_PKG_CONFIG_PATH_set=
ac_cv_env_PKG_CONFIG_PATH_value=
ac_cv_env_PKG_CONFIG_set=
ac_cv_env_PKG_CONFIG_value=
ac_cv_env_build_alias_set=
ac_cv_env_build_alias_value=
ac_cv_env_host_alias_set=
ac_cv_env_host_alias_value=
ac_cv_env_target_alias_set=
ac_cv_env_target_alias_value=
ac_cv_func_alloca_works=yes
ac_cv_func_memmem=yes
ac_cv_func_mmap=yes
ac_cv_func_mprotect=yes
ac_cv_func_sigaction=yes
ac_cv_func_sigaltstack=yes
ac_cv_func_siginterrupt=yes
ac_cv_func_sigprocmask=yes
ac_cv_have_decl_memmem=yes
ac_cv_have_decl_mempcpy=yes
ac_cv_have_decl_memrchr=yes
ac_cv_have_decl_rawmemchr=yes
ac_cv_have_decl_sigaction=yes
ac_cv_have_decl_sigaddset=yes
ac_cv_have_decl_sigdelset=yes
ac_cv_have_decl_sigemptyset=yes
ac_cv_have_decl_sigfillset=yes
ac_cv_have_decl_sigismember=yes
ac_cv_have_decl_sigpending=yes
ac_cv_have_decl_sigprocmask=yes
ac_cv_have_decl_stpcpy=yes
ac_cv_have_decl_stpncpy=yes
ac_cv_have_decl_strcasestr=yes
ac_cv_have_decl_strchrnul=yes
ac_cv_have_decl_strdup=yes
ac_cv_have_decl_strerror_r=yes
ac_cv_have_decl_strncat=yes
ac_cv_have_decl_strndup=yes
ac_cv_have_decl_strnlen=yes
ac_cv_have_decl_strpbrk=yes
ac_cv_have_decl_strsep=yes
ac_cv_have_decl_strsignal=yes
ac_cv_have_decl_strtok_r=yes
ac_cv_have_decl_strverscmp=yes
ac_cv_header_inttypes_h=yes
ac_cv_header_libudev_h=yes
ac_cv_header_memory_h=yes
ac_cv_header_minix_config_h=no
ac_cv_header_stdc=yes
ac_cv_header_stdint_h=yes
ac_cv_header_stdlib_h=yes
ac_cv_header_string_h=yes
ac_cv_header_strings_h=yes
ac_cv_header_sys_mman_h=yes
ac_cv_header_sys_stat_h=yes
ac_cv_header_sys_types_h=yes
ac_cv_header_syslog_h=yes
ac_cv_header_unistd_h=yes
ac_cv_header_wchar_h=yes
ac_cv_host=armv6l-unknown-linux-gnueabihf
ac_cv_lib_jansson_json_loads=no
ac_cv_lib_pthread_pthread_create=yes
ac_cv_member_struct_sigaction_sa_sigaction=yes
ac_cv_objext=o
ac_cv_path_EGREP='/bin/grep -E'
ac_cv_path_GREP=/bin/grep
ac_cv_path_ac_pt_PKG_CONFIG=/usr/bin/pkg-config
ac_cv_path_install='/usr/bin/install -c'
ac_cv_path_mkdir=/bin/mkdir
ac_cv_prog_AWK=mawk
ac_cv_prog_CPP='gcc -E'
ac_cv_prog_ac_ct_CC=gcc
ac_cv_prog_ac_ct_RANLIB=ranlib
ac_cv_prog_cc_c89=
ac_cv_prog_cc_g=yes
ac_cv_prog_cc_gcc_c_o=yes
ac_cv_prog_gcc_traditional=no
ac_cv_prog_make_make_set=yes
ac_cv_safe_to_define___extensions__=yes
ac_cv_search_addstr=-lncurses
ac_cv_target=armv6l-unknown-linux-gnueabihf
ac_cv_type_long_long_int=yes
ac_cv_type_sighandler_t=yes
ac_cv_type_size_t=yes
ac_cv_type_uid_t=yes
ac_cv_type_unsigned_long_long_int=yes
ac_cv_type_volatile_sig_atomic_t=yes
ac_cv_working_alloca_h=yes
am_cv_CC_dependencies_compiler_type=gcc3
am_cv_make_support_nested_variables=yes
gl_cv_c_multiarch=no
gl_cv_decl_null_works=yes
gl_cv_func_memchr_works=yes
gl_cv_func_memmem_works_always=yes
gl_cv_func_memmem_works_fast=yes
gl_cv_func_sigprocmask=1
gl_cv_have_include_next=yes
gl_cv_have_raw_decl_memmem=yes
gl_cv_have_raw_decl_mempcpy=yes
gl_cv_have_raw_decl_memrchr=yes
gl_cv_have_raw_decl_rawmemchr=yes
gl_cv_have_raw_decl_sigaction=yes
gl_cv_have_raw_decl_sigaddset=yes
gl_cv_have_raw_decl_sigdelset=yes
gl_cv_have_raw_decl_sigemptyset=yes
gl_cv_have_raw_decl_sigfillset=yes
gl_cv_have_raw_decl_sigismember=yes
gl_cv_have_raw_decl_sigpending=yes
gl_cv_have_raw_decl_sigprocmask=yes
gl_cv_have_raw_decl_stpcpy=yes
gl_cv_have_raw_decl_stpncpy=yes
gl_cv_have_raw_decl_strcasestr=yes
gl_cv_have_raw_decl_strchrnul=yes
gl_cv_have_raw_decl_strdup=yes
gl_cv_have_raw_decl_strerror_r=yes
gl_cv_have_raw_decl_strncat=yes
gl_cv_have_raw_decl_strndup=yes
gl_cv_have_raw_decl_strnlen=yes
gl_cv_have_raw_decl_strpbrk=yes
gl_cv_have_raw_decl_strsep=yes
gl_cv_have_raw_decl_strsignal=yes
gl_cv_have_raw_decl_strtok_r=yes
gl_cv_have_raw_decl_strverscmp=yes
gl_cv_header_working_stdint_h=yes
gl_cv_next_signal_h='<signal.h>'
gl_cv_next_stdint_h='<stdint.h>'
gl_cv_next_string_h='<string.h>'
gl_cv_pragma_columns=no
gt_cv_c_wchar_t=yes
pkg_cv_LIBCURL_CFLAGS=' '
pkg_cv_LIBCURL_LIBS='-lcurl  '
pkg_cv_LIBUSB_CFLAGS='-I/usr/include/libusb-1.0  '
pkg_cv_LIBUSB_LIBS='-lusb-1.0  '

## ----------------- ##
## Output variables. ##
## ----------------- ##

ACLOCAL='${SHELL} /home/pi/cgminer-3.1.1/missing --run aclocal-1.11'
ADL_CPPFLAGS=''
ALLOCA=''
AMDEPBACKSLASH='\'
AMDEP_FALSE='#'
AMDEP_TRUE=''
AMTAR='$${TAR-tar}'
AM_BACKSLASH='\'
AM_DEFAULT_V='$(AM_DEFAULT_VERBOSITY)'
AM_DEFAULT_VERBOSITY='0'
AM_V='$(V)'
APPLE_UNIVERSAL_BUILD='0'
AUTOCONF='${SHELL} /home/pi/cgminer-3.1.1/missing --run autoconf'
AUTOHEADER='${SHELL} /home/pi/cgminer-3.1.1/missing --run autoheader'
AUTOMAKE='${SHELL} /home/pi/cgminer-3.1.1/missing --run automake-1.11'
AWK='mawk'
BITSIZEOF_PTRDIFF_T=''
BITSIZEOF_SIG_ATOMIC_T=''
BITSIZEOF_SIZE_T=''
BITSIZEOF_WCHAR_T=''
BITSIZEOF_WINT_T=''
CC='gcc'
CCDEPMODE='depmode=gcc3'
CFLAGS='-g -O2'
CPP='gcc -E'
CPPFLAGS=''
CYGPATH_W='echo'
DEFS='-DHAVE_CONFIG_H'
DEPDIR='.deps'
DLOPEN_FLAGS=''
ECHO_C=''
ECHO_N='-n'
ECHO_T=''
EGREP='/bin/grep -E'
EXEEXT=''
GL_COND_LIBTOOL_FALSE=''
GL_COND_LIBTOOL_TRUE='#'
GL_GENERATE_STDDEF_H_FALSE=''
GL_GENERATE_STDDEF_H_TRUE='#'
GL_GENERATE_STDINT_H_FALSE=''
GL_GENERATE_STDINT_H_TRUE='#'
GNULIB_MBSCASECMP='0'
GNULIB_MBSCASESTR='0'
GNULIB_MBSCHR='0'
GNULIB_MBSCSPN='0'
GNULIB_MBSLEN='0'
GNULIB_MBSNCASECMP='0'
GNULIB_MBSNLEN='0'
GNULIB_MBSPBRK='0'
GNULIB_MBSPCASECMP='0'
GNULIB_MBSRCHR='0'
GNULIB_MBSSEP='0'
GNULIB_MBSSPN='0'
GNULIB_MBSSTR='0'
GNULIB_MBSTOK_R='0'
GNULIB_MEMCHR='1'
GNULIB_MEMMEM='1'
GNULIB_MEMPCPY='0'
GNULIB_MEMRCHR='0'
GNULIB_RAWMEMCHR='0'
GNULIB_SIGACTION='1'
GNULIB_SIGNAL_H_SIGPIPE='0'
GNULIB_SIGPROCMASK='1'
GNULIB_STPCPY='0'
GNULIB_STPNCPY='0'
GNULIB_STRCASESTR='0'
GNULIB_STRCHRNUL='0'
GNULIB_STRDUP='0'
GNULIB_STRERROR='0'
GNULIB_STRERROR_R='0'
GNULIB_STRNCAT='0'
GNULIB_STRNDUP='0'
GNULIB_STRNLEN='0'
GNULIB_STRPBRK='0'
GNULIB_STRSEP='0'
GNULIB_STRSIGNAL='0'
GNULIB_STRSTR='0'
GNULIB_STRTOK_R='0'
GNULIB_STRVERSCMP='0'
GREP='/bin/grep'
HAS_AVALON_FALSE=''
HAS_AVALON_TRUE='#'
HAS_BFLSC_FALSE='#'
HAS_BFLSC_TRUE=''
HAS_BITFORCE_FALSE=''
HAS_BITFORCE_TRUE='#'
HAS_ICARUS_FALSE='#'
HAS_ICARUS_TRUE=''
HAS_MODMINER_FALSE=''
HAS_MODMINER_TRUE='#'
HAS_SCRYPT_FALSE=''
HAS_SCRYPT_TRUE='#'
HAS_ZTEX_FALSE='#'
HAS_ZTEX_TRUE=''
HAVE_CURSES_FALSE='#'
HAVE_CURSES_TRUE=''
HAVE_DECL_MEMMEM='1'
HAVE_DECL_MEMRCHR='1'
HAVE_DECL_STRDUP='1'
HAVE_DECL_STRERROR_R='1'
HAVE_DECL_STRNDUP='1'
HAVE_DECL_STRNLEN='1'
HAVE_DECL_STRSIGNAL='1'
HAVE_DECL_STRTOK_R='1'
HAVE_INTTYPES_H='1'
HAVE_LIBUDEV_FALSE='#'
HAVE_LIBUDEV_TRUE=''
HAVE_LONG_LONG_INT='1'
HAVE_MBSLEN='0'
HAVE_MEMCHR='1'
HAVE_MEMPCPY='1'
HAVE_POSIX_SIGNALBLOCKING='1'
HAVE_RAWMEMCHR='1'
HAVE_SIGACTION='1'
HAVE_SIGHANDLER_T='1'
HAVE_SIGINFO_T='1'
HAVE_SIGNED_SIG_ATOMIC_T=''
HAVE_SIGNED_WCHAR_T=''
HAVE_SIGNED_WINT_T=''
HAVE_SIGSET_T='1'
HAVE_STDINT_H='1'
HAVE_STPCPY='1'
HAVE_STPNCPY='1'
HAVE_STRCASESTR='1'
HAVE_STRCHRNUL='1'
HAVE_STRPBRK='1'
HAVE_STRSEP='1'
HAVE_STRUCT_SIGACTION_SA_SIGACTION='1'
HAVE_STRVERSCMP='1'
HAVE_SYS_BITYPES_H=''
HAVE_SYS_INTTYPES_H=''
HAVE_SYS_TYPES_H='1'
HAVE_TYPE_VOLATILE_SIG_ATOMIC_T='1'
HAVE_UNSIGNED_LONG_LONG_INT='1'
HAVE_WCHAR_H='1'
HAVE_WCHAR_T='1'
HAVE_WINDOWS_FALSE=''
HAVE_WINDOWS_TRUE='#'
HAVE_x86_64_FALSE=''
HAVE_x86_64_TRUE='#'
INCLUDE_NEXT='include_next'
INCLUDE_NEXT_AS_FIRST_DIRECTIVE='include_next'
INSTALL_DATA='${INSTALL} -m 644'
INSTALL_PROGRAM='${INSTALL}'
INSTALL_SCRIPT='${INSTALL}'
INSTALL_STRIP_PROGRAM='$(install_sh) -c -s'
JANSSON_LIBS='compat/jansson/libjansson.a'
LDFLAGS=''
LIBCURL_CFLAGS=' '
LIBCURL_LIBS='-lcurl  '
LIBGNU_LIBDEPS=''
LIBGNU_LTLIBDEPS=''
LIBOBJS=''
LIBS='-lncurses -lpthread '
LIBUSB_CFLAGS='-I/usr/include/libusb-1.0  '
LIBUSB_LIBS='-lusb-1.0  '
LTLIBOBJS=''
MAINT='#'
MAINTAINER_MODE_FALSE=''
MAINTAINER_MODE_TRUE='#'
MAKEINFO='${SHELL} /home/pi/cgminer-3.1.1/missing --run makeinfo'
MATH_LIBS='-lm'
MKDIR_P='/bin/mkdir -p'
MM_LIBS=''
NCURSES_LIBS=''
NEED_FPGAUTILS_FALSE='#'
NEED_FPGAUTILS_TRUE=''
NEED_USBUTILS_C_FALSE='#'
NEED_USBUTILS_C_TRUE=''
NEXT_AS_FIRST_DIRECTIVE_SIGNAL_H='<signal.h>'
NEXT_AS_FIRST_DIRECTIVE_STDDEF_H=''
NEXT_AS_FIRST_DIRECTIVE_STDINT_H='<stdint.h>'
NEXT_AS_FIRST_DIRECTIVE_STRING_H='<string.h>'
NEXT_SIGNAL_H='<signal.h>'
NEXT_STDDEF_H=''
NEXT_STDINT_H='<stdint.h>'
NEXT_STRING_H='<string.h>'
OBJEXT='o'
OPENCL_FLAGS=''
OPENCL_LIBS=''
PACKAGE='cgminer'
PACKAGE_BUGREPORT='kernel@kolivas.org'
PACKAGE_NAME='cgminer'
PACKAGE_STRING='cgminer 3.1.1'
PACKAGE_TARNAME='cgminer'
PACKAGE_URL=''
PACKAGE_VERSION='3.1.1'
PATH_SEPARATOR=':'
PDCURSES_LIBS=''
PKG_CONFIG='/usr/bin/pkg-config'
PKG_CONFIG_LIBDIR=''
PKG_CONFIG_PATH=''
PRAGMA_COLUMNS=''
PRAGMA_SYSTEM_HEADER='#pragma GCC system_header'
PTHREAD_FLAGS='-lpthread'
PTHREAD_LIBS='-lpthread'
PTRDIFF_T_SUFFIX=''
RANLIB='ranlib'
REPLACE_MEMCHR='0'
REPLACE_MEMMEM='0'
REPLACE_NULL='0'
REPLACE_STPNCPY='0'
REPLACE_STRCASESTR='0'
REPLACE_STRCHRNUL='0'
REPLACE_STRDUP='0'
REPLACE_STRERROR='0'
REPLACE_STRERROR_R='0'
REPLACE_STRNCAT='0'
REPLACE_STRNDUP='0'
REPLACE_STRNLEN='0'
REPLACE_STRSIGNAL='0'
REPLACE_STRSTR='0'
REPLACE_STRTOK_R='0'
SET_MAKE=''
SHELL='/bin/bash'
SIG_ATOMIC_T_SUFFIX=''
SIZE_T_SUFFIX=''
STDDEF_H=''
STDINT_H=''
STRIP=''
UDEV_LIBS='-ludev'
UNDEFINE_STRTOK_R='0'
VERSION='3.1.1'
VMAJ='3'
WANT_JANSSON_FALSE='#'
WANT_JANSSON_TRUE=''
WCHAR_T_SUFFIX=''
WINT_T_SUFFIX=''
WS2_LIBS=''
ac_ct_CC='gcc'
am__EXEEXT_FALSE=''
am__EXEEXT_TRUE='#'
am__fastdepCC_FALSE='#'
am__fastdepCC_TRUE=''
am__include='include'
am__isrc=''
am__leading_dot='.'
am__nodep='_no'
am__quote=''
am__tar='$${TAR-tar} chof - "$$tardir"'
am__untar='$${TAR-tar} xf -'
bindir='${exec_prefix}/bin'
build='armv6l-unknown-linux-gnueabihf'
build_alias=''
build_cpu='armv6l'
build_os='linux-gnueabihf'
build_vendor='unknown'
datadir='${datarootdir}'
datarootdir='${prefix}/share'
docdir='${datarootdir}/doc/${PACKAGE_TARNAME}'
dvidir='${docdir}'
exec_prefix='${prefix}'
gl_LIBOBJS=''
gl_LTLIBOBJS=''
gltests_LIBOBJS=''
gltests_LTLIBOBJS=''
gltests_WITNESS='IN_CGMINER_GNULIB_TESTS'
host='armv6l-unknown-linux-gnueabihf'
host_alias=''
host_cpu='armv6l'
host_os='linux-gnueabihf'
host_vendor='unknown'
htmldir='${docdir}'
includedir='${prefix}/include'
infodir='${datarootdir}/info'
install_sh='${SHELL} /home/pi/cgminer-3.1.1/install-sh'
libdir='${exec_prefix}/lib'
libexecdir='${exec_prefix}/libexec'
localedir='${datarootdir}/locale'
localstatedir='${prefix}/var'
mandir='${datarootdir}/man'
mkdir_p='/bin/mkdir -p'
oldincludedir='/usr/include'
pdfdir='${docdir}'
prefix='/usr/local'
program_transform_name='s,x,x,'
psdir='${docdir}'
release_info=''
sbindir='${exec_prefix}/sbin'
sharedstatedir='${prefix}/com'
sysconfdir='${prefix}/etc'
target='armv6l-unknown-linux-gnueabihf'
target_alias=''
target_cpu='armv6l'
target_os='linux-gnueabihf'
target_vendor='unknown'
version_info='4:1:1'

## ----------- ##
## confdefs.h. ##
## ----------- ##

/* confdefs.h */
#define PACKAGE_NAME "cgminer"
#define PACKAGE_TARNAME "cgminer"
#define PACKAGE_VERSION "3.1.1"
#define PACKAGE_STRING "cgminer 3.1.1"
#define PACKAGE_BUGREPORT "kernel@kolivas.org"
#define PACKAGE_URL ""
#define PACKAGE "cgminer"
#define VERSION "3.1.1"
#define STDC_HEADERS 1
#define HAVE_SYS_TYPES_H 1
#define HAVE_SYS_STAT_H 1
#define HAVE_STDLIB_H 1
#define HAVE_STRING_H 1
#define HAVE_MEMORY_H 1
#define HAVE_STRINGS_H 1
#define HAVE_INTTYPES_H 1
#define HAVE_STDINT_H 1
#define HAVE_UNISTD_H 1
#define __EXTENSIONS__ 1
#define _ALL_SOURCE 1
#define _GNU_SOURCE 1
#define _POSIX_PTHREAD_SEMANTICS 1
#define _TANDEM_SOURCE 1
#define CGMINER_MAJOR_VERSION 3
#define CGMINER_MINOR_VERSION 1
#define CGMINER_MINOR_SUBVERSION 1
#define HAVE_SYS_MMAN_H 1
#define HAVE_WCHAR_H 1
#define HAVE_STDINT_H 1
#define HAVE_MPROTECT 1
#define HAVE_SIGACTION 1
#define HAVE_SIGALTSTACK 1
#define HAVE_SIGINTERRUPT 1
#define HAVE_MAP_ANONYMOUS 1
#define HAVE_DECL_MEMMEM 1
#define HAVE_MEMMEM 1
#define restrict __restrict
#define HAVE_WCHAR_T 1
#define HAVE_UNSIGNED_LONG_LONG_INT 1
#define HAVE_LONG_LONG_INT 1
#define HAVE_RAW_DECL_MEMMEM 1
#define HAVE_RAW_DECL_MEMPCPY 1
#define HAVE_RAW_DECL_MEMRCHR 1
#define HAVE_RAW_DECL_RAWMEMCHR 1
#define HAVE_RAW_DECL_STPCPY 1
#define HAVE_RAW_DECL_STPNCPY 1
#define HAVE_RAW_DECL_STRCHRNUL 1
#define HAVE_RAW_DECL_STRDUP 1
#define HAVE_RAW_DECL_STRNCAT 1
#define HAVE_RAW_DECL_STRNDUP 1
#define HAVE_RAW_DECL_STRNLEN 1
#define HAVE_RAW_DECL_STRPBRK 1
#define HAVE_RAW_DECL_STRSEP 1
#define HAVE_RAW_DECL_STRCASESTR 1
#define HAVE_RAW_DECL_STRTOK_R 1
#define HAVE_RAW_DECL_STRERROR_R 1
#define HAVE_RAW_DECL_STRSIGNAL 1
#define HAVE_RAW_DECL_STRVERSCMP 1
#define GNULIB_TEST_MEMCHR 1
#define HAVE_MEMMEM 1
#define GNULIB_TEST_MEMMEM 1
#define HAVE_STRUCT_SIGACTION_SA_SIGACTION 1
#define GNULIB_TEST_SIGACTION 1
#define HAVE_RAW_DECL_SIGACTION 1
#define HAVE_RAW_DECL_SIGADDSET 1
#define HAVE_RAW_DECL_SIGDELSET 1
#define HAVE_RAW_DECL_SIGEMPTYSET 1
#define HAVE_RAW_DECL_SIGFILLSET 1
#define HAVE_RAW_DECL_SIGISMEMBER 1
#define HAVE_RAW_DECL_SIGPENDING 1
#define HAVE_RAW_DECL_SIGPROCMASK 1
#define GNULIB_TEST_SIGPROCMASK 1
#define STDC_HEADERS 1
#define HAVE_SYSLOG_H 1
#define HAVE_ALLOCA_H 1
#define HAVE_ALLOCA 1
#define HAVE_LIBPTHREAD 1
#define USE_BFLSC 1
#define USE_ICARUS 1
#define USE_ZTEX 1
#define HAVE_CURSES 1
#define USE_USBUTILS 1
#define HAVE_LIBUDEV 1
#define HAVE_LIBUSB 1
#define CURL_HAS_KEEPALIVE 1
#define EXECV_2ND_ARG_TYPE char* const*
#define HAVE_ATTRIBUTE_COLD 1
#define HAVE_ATTRIBUTE_CONST 1
#define HAVE_ATTRIBUTE_NORETURN 1
#define HAVE_ATTRIBUTE_PRINTF 1
#define HAVE_ATTRIBUTE_UNUSED 1
#define HAVE_ATTRIBUTE_USED 1
#define HAVE_BUILTIN_CONSTANT_P 1
#define HAVE_BUILTIN_TYPES_COMPATIBLE_P 1
#define HAVE_WARN_UNUSED_RESULT 1
#define CGMINER_PREFIX "/usr/local/bin"
#define PHATK_KERNNAME "phatk121016"
#define POCLBM_KERNNAME "poclbm130302"
#define DIAKGCN_KERNNAME "diakgcn121016"
#define DIABLO_KERNNAME "diablo130302"
#define SCRYPT_KERNNAME "scrypt130511"

configure: exit 0
